<?xml version="1.0" encoding="UTF-8"?>
<!-- Generated by org.testng.reporters.JUnitXMLReporter -->
<testsuite hostname="asda1712po02529" ignored="0" name="Default test" tests="3" failures="0" timestamp="27 Jul 2017 12:28:48 GMT" time="14.751" errors="0">
  <testcase name="TestA_user_invalid_login_check" time="6.146" classname="Tests.Login.LoginTest"/>
  <testcase name="TestB_user_login_check" time="3.522" classname="Tests.Login.LoginTest"/>
  <testcase name="TestC_user_logout_check" time="3.884" classname="Tests.Login.LoginTest"/>
</testsuite> <!-- Default test -->
