<?xml version="1.0" encoding="UTF-8"?>
<!-- Generated by org.testng.reporters.JUnitXMLReporter -->
<testsuite hostname="asda1712po02529" ignored="0" name="Default test" tests="3" failures="0" timestamp="18 Jul 2017 07:11:06 GMT" time="11.245" errors="0">
  <testcase name="TestA_user_invalid_login_check" time="4.935" classname="Tests.Login.LoginTest"/>
  <testcase name="TestB_user_login_check" time="2.29" classname="Tests.Login.LoginTest"/>
  <testcase name="TestC_user_logout_check" time="2.982" classname="Tests.Login.LoginTest"/>
</testsuite> <!-- Default test -->
