<?xml version="1.0" encoding="UTF-8"?>
<!-- Generated by org.testng.reporters.JUnitXMLReporter -->
<testsuite hostname="asda1712po02529" ignored="0" name="first" tests="3" failures="0" timestamp="18 Jul 2017 09:54:30 GMT" time="14.968" errors="0">
  <testcase name="TestA_user_invalid_login_check" time="8.117" classname="Tests.Login.LoginTest"/>
  <testcase name="TestB_user_login_check" time="1.854" classname="Tests.Login.LoginTest"/>
  <testcase name="TestC_user_logout_check" time="1.219" classname="Tests.Login.LoginTest"/>
</testsuite> <!-- first -->
