<?xml version="1.0" encoding="UTF-8"?>
<!-- Generated by org.testng.reporters.JUnitXMLReporter -->
<testsuite hostname="asda1712po02529" ignored="0" name="login" tests="3" failures="0" timestamp="07 Jul 2017 10:40:52 GMT" time="11.693" errors="0">
  <testcase name="TestA_user_invalid_login_check" time="5.249" classname="NATgeo.mygeo.Test1"/>
  <testcase name="TestB_user_login_check" time="2.938" classname="NATgeo.mygeo.Test1"/>
  <testcase name="TestC_user_logout_check" time="2.364" classname="NATgeo.mygeo.Test1"/>
</testsuite> <!-- login -->
