<?xml version="1.0" encoding="UTF-8"?>
<!-- Generated by org.testng.reporters.JUnitXMLReporter -->
<testsuite hostname="asda1712po02529" ignored="0" name="login" tests="3" failures="0" timestamp="11 Jul 2017 04:17:32 GMT" time="21.48" errors="0">
  <testcase name="TestA_user_invalid_login_check" time="10.158" classname="NATgeo.mygeo.Test1"/>
  <testcase name="TestB_user_login_check" time="2.274" classname="NATgeo.mygeo.Test1"/>
  <testcase name="TestC_user_logout_check" time="2.334" classname="NATgeo.mygeo.Test1"/>
</testsuite> <!-- login -->
