<?xml version="1.0" encoding="UTF-8"?>
<!-- Generated by org.testng.reporters.JUnitXMLReporter -->
<testsuite hostname="asda1712po02529" ignored="0" name="second2" tests="3" failures="0" timestamp="31 Jul 2017 13:08:35 GMT" time="0.015" errors="0">
  <testcase name="testMethoa" time="0.001" classname="Tests.DataProviders.DataProviderT"/>
  <testcase name="testMethoa" time="0.001" classname="Tests.DataProviders.DataProviderT"/>
  <testcase name="testMethod" time="0.001" classname="Tests.DataProviders.DataProviderT"/>
</testsuite> <!-- second2 -->
