<?xml version="1.0" encoding="UTF-8"?>
<!-- Generated by org.testng.reporters.JUnitXMLReporter -->
<testsuite hostname="asda1712po02529" ignored="0" name="second" tests="3" failures="0" timestamp="01 Aug 2017 04:50:16 GMT" time="0.035" errors="0">
  <testcase name="testMethoa" time="0.009" classname="Tests.DataProviders.DataProviderT"/>
  <testcase name="testMethoa" time="0.002" classname="Tests.DataProviders.DataProviderT"/>
  <testcase name="testMethod" time="0.001" classname="Tests.DataProviders.DataProviderT"/>
</testsuite> <!-- second -->
