<?xml version="1.0" encoding="UTF-8"?>
<!-- Generated by org.testng.reporters.JUnitXMLReporter -->
<testsuite hostname="asda1712po02529" ignored="2" tests="0" failures="0" timestamp="31 Jul 2017 13:22:16 GMT" time="0.008" errors="0">
  <testcase name="testMethoa" time="0.0" classname="Tests.DataProviders.DataProviderT">
    <ignored/>
  </testcase> <!-- testMethoa -->
  <testcase name="testMethod" time="0.0" classname="Tests.DataProviders.DataProviderT">
    <ignored/>
  </testcase> <!-- testMethod -->
</testsuite>
