<?xml version="1.0" encoding="UTF-8"?>
<!-- Generated by org.testng.reporters.JUnitXMLReporter -->
<testsuite hostname="asda1712po02529" ignored="0" name="Command line test" tests="12" failures="0" timestamp="11 Jul 2017 06:58:34 GMT" time="8.349" errors="0">
  <testcase name="TestA_user_invalid_login_check" time="4.093" classname="NATgeo.mygeo.Test1"/>
  <testcase name="TestB_user_login_check" time="1.494" classname="NATgeo.mygeo.Test1"/>
  <testcase name="TestC_user_logout_check" time="1.764" classname="NATgeo.mygeo.Test1"/>
  <testcase name="test6" time="0.0" classname="NATgeo.mygeo.TesttheFlow"/>
  <testcase name="test5" time="0.0" classname="NATgeo.mygeo.TesttheFlow"/>
  <testcase name="test4" time="0.0" classname="NATgeo.mygeo.TesttheFlow"/>
  <testcase name="test3" time="0.0" classname="NATgeo.mygeo.TesttheFlow"/>
  <testcase name="test2" time="0.0" classname="NATgeo.mygeo.TesttheFlow"/>
  <testcase name="test1" time="0.0" classname="NATgeo.mygeo.TesttheFlow"/>
  <testcase name="test7" time="0.0" classname="NATgeo.mygeo.TesttheFlow"/>
  <testcase name="test8" time="0.001" classname="NATgeo.mygeo.TesttheFlow"/>
  <testcase name="test9" time="0.0" classname="NATgeo.mygeo.TesttheFlow"/>
</testsuite> <!-- Command line test -->
