<?xml version="1.0" encoding="UTF-8"?>
<testng-results skipped="0" failed="0" ignored="0" total="1" passed="1">
  <reporter-output>
  </reporter-output>
  <suite name="Default suite" duration-ms="7621" started-at="2017-07-20T05:38:33Z" finished-at="2017-07-20T05:38:41Z">
    <groups>
    </groups>
    <test name="Default test" duration-ms="7621" started-at="2017-07-20T05:38:33Z" finished-at="2017-07-20T05:38:41Z">
      <class name="Tests.gmail.JustCheck">
        <test-method status="PASS" signature="just_check()[pri:0, instance:Tests.gmail.JustCheck@3c0ecd4b]" name="just_check" duration-ms="7607" started-at="2017-07-20T11:08:33Z" finished-at="2017-07-20T11:08:41Z">
          <reporter-output>
          </reporter-output>
        </test-method> <!-- just_check -->
      </class> <!-- Tests.gmail.JustCheck -->
    </test> <!-- Default test -->
  </suite> <!-- Default suite -->
</testng-results>
